<?xml version="1.0" encoding="UTF-8"?>
<testng-results ignored="0" total="1" passed="1" failed="0" skipped="0">
  <reporter-output>
  </reporter-output>
  <suite started-at="2023-04-23T10:34:40 IST" name="Default suite" finished-at="2023-04-23T10:34:43 IST" duration-ms="3087">
    <groups>
    </groups>
    <test started-at="2023-04-23T10:34:40 IST" name="Default test" finished-at="2023-04-23T10:34:43 IST" duration-ms="3087">
      <class name="PracticeOthers.Sumofallcourses">
        <test-method signature="sumofcourses()[pri:0, instance:PracticeOthers.Sumofallcourses@10d307f1]" started-at="2023-04-23T10:34:40 IST" name="sumofcourses" finished-at="2023-04-23T10:34:43 IST" duration-ms="2996" status="PASS">
          <reporter-output>
          </reporter-output>
        </test-method> <!-- sumofcourses -->
      </class> <!-- PracticeOthers.Sumofallcourses -->
    </test> <!-- Default test -->
  </suite> <!-- Default suite -->
</testng-results>
